Simulation started at: 2024-01-12T15:33:55.479475900
Alice is currently in the GARAGE
John is currently in the GARDEN
Sirius is currently in the GARAGE
Muhammad is currently in the GARAGE
The Temperature may change in kitchen6
The Temperature may change in basement15
The Temperature may change in dining_room20
The Temperature may change in terrace16
The Temperature may change in gym2
The Temperature may change in basement9
The Temperature may change in living_room12
The Temperature may change in library23
The Temperature may change in living_room4
The Temperature may change in bathroom0
The Temperature may change in basement1
The Temperature may change in dining_room1
The Temperature may change in other3
The Temperature may change in terrace0
The Temperature may change in gym4
The Temperature may change in hallway2
The Temperature may change in laundryroom3
The Temperature may change in garden0
The Temperature may change in garden1
