Simulation started at: 2024-01-12T15:33:55.479475900
New event created. Description: Alice loaded and started the garage0_DISHWASHER
New event created. Description: John is waiting. No equipment available
New event created. Description: Sirius is waiting. No equipment available
New event created. Description: A cold breeze is felt in the room and the temperature dropped by2 degrees to 43.0 degrees C
New event created. Description: Instability in temperature is moving to KITCHEN
New event created. Description: A cold breeze is felt in the room and the temperature dropped by4 degrees to 16.0 degrees C
New event created. Description: Instability in temperature is moving to BASEMENT
New event created. Description: Instability in temperature is moving to DINING_ROOM
New event created. Description: Instability in temperature is moving to TERRACE
New event created. Description: Instability in temperature is moving to GYM
New event created. Description: A cold breeze is felt in the room and the temperature dropped by0 degrees to 43.0 degrees C
New event created. Description: A warm breeze is felt in the room and the temperature rose by1 degrees to 25.0 degrees C
New event created. Description: A cold breeze is felt in the room and the temperature dropped by4 degrees to 33.0 degrees C
New event created. Description: Instability in temperature is moving to BASEMENT
New event created. Description: A warm breeze is felt in the room and the temperature rose by3 degrees to 28.0 degrees C
New event created. Description: Instability in temperature is moving to LIVING_ROOM
New event created. Description: A warm breeze is felt in the room and the temperature rose by4 degrees to -45.0 degrees C
New event created. Description: Instability in temperature is moving to LIBRARY
New event created. Description: Instability in temperature is moving to LIVING_ROOM
New event created. Description: Instability in temperature is moving to BATHROOM
New event created. Description: A warm breeze is felt in the room and the temperature rose by4 degrees to -9.0 degrees C
New event created. Description: A cold breeze is felt in the room and the temperature dropped by2 degrees to 25.0 degrees C
New event created. Description: A cold breeze is felt in the room and the temperature dropped by0 degrees to 34.0 degrees C
New event created. Description: A warm breeze is felt in the room and the temperature rose by4 degrees to 32.0 degrees C
New event created. Description: Instability in temperature is moving to BASEMENT
New event created. Description: A warm breeze is felt in the room and the temperature rose by1 degrees to 27.0 degrees C
New event created. Description: A cold breeze is felt in the room and the temperature dropped by4 degrees to 12.0 degrees C
New event created. Description: Instability in temperature is moving to DINING_ROOM
New event created. Description: Instability in temperature is moving to OTHER
New event created. Description: A cold breeze is felt in the room and the temperature dropped by0 degrees to 23.0 degrees C
New event created. Description: A warm breeze is felt in the room and the temperature rose by4 degrees to 12.0 degrees C
New event created. Description: A cold breeze is felt in the room and the temperature dropped by1 degrees to 1.0 degrees C
New event created. Description: A cold breeze is felt in the room and the temperature dropped by1 degrees to 0.0 degrees C
New event created. Description: A cold breeze is felt in the room and the temperature dropped by3 degrees to 14.0 degrees C
New event created. Description: A cold breeze is felt in the room and the temperature dropped by2 degrees to 35.0 degrees C
New event created. Description: Instability in temperature is moving to TERRACE
New event created. Description: Instability in temperature is moving to GYM
New event created. Description: Instability in temperature is moving to HALLWAY
New event created. Description: A cold breeze is felt in the room and the temperature dropped by3 degrees to 18.0 degrees C
New event created. Description: Instability in temperature is moving to LAUNDRYROOM
New event created. Description: Instability in temperature is moving to GARDEN
New event created. Description: A warm breeze is felt in the room and the temperature rose by2 degrees to 22.0 degrees C
New event created. Description: A cold breeze is felt in the room and the temperature dropped by0 degrees to 22.0 degrees C
New event created. Description: A warm breeze is felt in the room and the temperature rose by0 degrees to 22.0 degrees C
New event created. Description: Instability in temperature is moving to GARDEN
New event created. Description: Pet Muhammad is big sad because pet feeder is empty
