            ORDERED EVENTS           
----------------------------------------
----------------------------------------
----------------------------------------

 
 


 
 EVENT: 
 

    Description: 
        A cold breeze is felt in the room and the temperature dropped by0 degrees to 13.0 degrees C
        ----------------- 

    Source: 
        model.eventCausers.phenomena.TemperatureEntity@3e78b6a5
        ----------------- 

    Target: 
        [bathroom2]
        ----------------- 


 
 EVENT: 
 

    Description: 
        A cold breeze is felt in the room and the temperature dropped by2 degrees to 17.0 degrees C
        ----------------- 

    Source: 
        model.eventCausers.phenomena.TemperatureEntity@60db1c0e
        ----------------- 

    Target: 
        [bathroom2]
        ----------------- 


 
 EVENT: 
 

    Description: 
        A cold breeze is felt in the room and the temperature dropped by4 degrees to 13.0 degrees C
        ----------------- 

    Source: 
        model.eventCausers.phenomena.TemperatureEntity@60db1c0e
        ----------------- 

    Target: 
        [bathroom2]
        ----------------- 


 
 EVENT: 
 

    Description: 
        A cold breeze is felt in the room and the temperature dropped by4 degrees to 18.0 degrees C
        ----------------- 

    Source: 
        model.eventCausers.phenomena.TemperatureEntity@3e78b6a5
        ----------------- 

    Target: 
        [dining_room4]
        ----------------- 

    Source: 
        model.eventCausers.phenomena.TemperatureEntity@60db1c0e
        ----------------- 

    Target: 
        [bathroom2]
        ----------------- 


 
 EVENT: 
 

    Description: 
        A warm breeze is felt in the room and the temperature rose by1 degrees to 19.0 degrees C
        ----------------- 

    Source: 
        model.eventCausers.phenomena.TemperatureEntity@60db1c0e
        ----------------- 

    Target: 
        [bathroom2]
        ----------------- 


 
 EVENT: 
 

    Description: 
        A warm breeze is felt in the room and the temperature rose by4 degrees to 22.0 degrees C
        ----------------- 

    Source: 
        model.eventCausers.phenomena.TemperatureEntity@3e78b6a5
        ----------------- 

    Target: 
        [dining_room4]
        ----------------- 


 
 EVENT: 
 

    Description: 
        Adolf is fixing garage0_HEATING_PANEL.
        ----------------- 

    Source: 
        Person born 1987-11-02, named Adolf
        ----------------- 

    Target: 
        [device called garage0_HEATING_PANEL with an id 9 in room: garage0]
        ----------------- 


 
 EVENT: 
 

    Description: 
        Adolf is waiting. No equipment available
        ----------------- 

    Source: 
        Person born 1987-11-02, named Adolf
        ----------------- 

    Target: 
        [Person born 1987-11-02, named Adolf]
        ----------------- 


 
 EVENT: 
 

    Description: 
        Alice is fixing garage0_TEMPERATURE_SENSOR.
        ----------------- 

    Source: 
        Person born 1981-12-24, named Alice
        ----------------- 

    Target: 
        [device called garage0_TEMPERATURE_SENSOR with an id 8 in room: garage0]
        ----------------- 


 
 EVENT: 
 

    Description: 
        Alice is waiting. No equipment available
        ----------------- 

    Source: 
        Person born 1981-12-24, named Alice
        ----------------- 

    Target: 
        [Person born 1981-12-24, named Alice]
        ----------------- 


 
 EVENT: 
 

    Description: 
        Gus is waiting. No equipment available
        ----------------- 

    Source: 
        Person born 1915-06-22, named Gus
        ----------------- 

    Target: 
        [Person born 1915-06-22, named Gus]
        ----------------- 


 
 EVENT: 
 

    Description: 
        Instability in temperature is moving to BATHROOM
        ----------------- 

    Source: 
        model.eventCausers.phenomena.TemperatureEntity@3e78b6a5
        ----------------- 

    Target: 
        [model.eventCausers.phenomena.TemperatureEntity@3e78b6a5]
        ----------------- 

    Source: 
        model.eventCausers.phenomena.TemperatureEntity@60db1c0e
        ----------------- 

    Target: 
        [model.eventCausers.phenomena.TemperatureEntity@60db1c0e]
        ----------------- 


 
 EVENT: 
 

    Description: 
        Instability in temperature is moving to GARAGE
        ----------------- 

    Source: 
        model.eventCausers.phenomena.TemperatureEntity@3e78b6a5
        ----------------- 

    Target: 
        [model.eventCausers.phenomena.TemperatureEntity@3e78b6a5]
        ----------------- 


 
 EVENT: 
 

    Description: 
        Marie is fixing garage0_HEATING_PANEL.
        ----------------- 

    Source: 
        Person born 1974-08-08, named Marie
        ----------------- 

    Target: 
        [device called garage0_HEATING_PANEL with an id 6 in room: garage0]
        ----------------- 


 
 EVENT: 
 

    Description: 
        Marie is waiting. No equipment available
        ----------------- 

    Source: 
        Person born 1974-08-08, named Marie
        ----------------- 

    Target: 
        [Person born 1974-08-08, named Marie]
        ----------------- 


 
 EVENT: 
 

    Description: 
        Marie turned off garage0_TEMPERATURE_SENSOR
        ----------------- 

    Source: 
        Person born 1974-08-08, named Marie
        ----------------- 

    Target: 
        [device called garage0_TEMPERATURE_SENSOR with an id 5 in room: garage0]
        ----------------- 


 
 EVENT: 
 

    Description: 
        Person Alice turned on garage0_TEMPERATURE_SENSOR
        ----------------- 

    Source: 
        Person born 1981-12-24, named Alice
        ----------------- 

    Target: 
        [device called garage0_TEMPERATURE_SENSOR with an id 5 in room: garage0]
        ----------------- 


 
 EVENT: 
 

    Description: 
        Person Gus turned on balcony3_PET_FEEDER
        ----------------- 

    Source: 
        Person born 1915-06-22, named Gus
        ----------------- 

    Target: 
        [device called balcony3_PET_FEEDER with an id 19 in room: balcony3]
        ----------------- 


 
 EVENT: 
 

    Description: 
        Person Marie turned on garage0_WASHING_MACHINE
        ----------------- 

    Source: 
        Person born 1974-08-08, named Marie
        ----------------- 

    Target: 
        [device called garage0_WASHING_MACHINE with an id 7 in room: garage0]
        ----------------- 


 
 EVENT: 
 

    Description: 
        Person Walter turned on hallway1_TEMPERATURE_SENSOR
        ----------------- 

    Source: 
        Person born 1989-08-16, named Walter
        ----------------- 

    Target: 
        [device called hallway1_TEMPERATURE_SENSOR with an id 1 in room: hallway1]
        ----------------- 


 
 EVENT: 
 

    Description: 
        Pet Alice is big sad because pet feeder is empty
        ----------------- 

    Source: 
        

Pet{
   firstName= Alice,
   birthdate= 1931-01-26,
   currentRoom= dining_room4
}
        ----------------- 

    Target: 
        [device called dining_room4_PET_FEEDER with an id 22 in room: dining_room4]
        ----------------- 


 
 EVENT: 
 

    Description: 
        Pet Alice is moving to DINING_ROOM
        ----------------- 

    Source: 
        

Pet{
   firstName= Alice,
   birthdate= 1931-01-26,
   currentRoom= dining_room4
}
        ----------------- 

    Target: 
        [

Pet{
   firstName= Alice,
   birthdate= 1931-01-26,
   currentRoom= dining_room4
}]
        ----------------- 


 
 EVENT: 
 

    Description: 
        Pet Jim is big sad because pet feeder is empty
        ----------------- 

    Source: 
        

Pet{
   firstName= Jim,
   birthdate= 1932-07-09,
   currentRoom= dining_room4
}
        ----------------- 

    Target: 
        [device called dining_room4_PET_FEEDER with an id 22 in room: dining_room4]
        ----------------- 


 
 EVENT: 
 

    Description: 
        Pet Jim is moving to DINING_ROOM
        ----------------- 

    Source: 
        

Pet{
   firstName= Jim,
   birthdate= 1932-07-09,
   currentRoom= dining_room4
}
        ----------------- 

    Target: 
        [

Pet{
   firstName= Jim,
   birthdate= 1932-07-09,
   currentRoom= dining_room4
}]
        ----------------- 


 
 EVENT: 
 

    Description: 
        Pet Jim is moving to HALLWAY
        ----------------- 

    Source: 
        

Pet{
   firstName= Jim,
   birthdate= 1932-07-09,
   currentRoom= dining_room4
}
        ----------------- 

    Target: 
        [

Pet{
   firstName= Jim,
   birthdate= 1932-07-09,
   currentRoom= dining_room4
}]
        ----------------- 


 
 EVENT: 
 

    Description: 
        Pet Jim is playing in HALLWAY
        ----------------- 

    Source: 
        

Pet{
   firstName= Jim,
   birthdate= 1932-07-09,
   currentRoom= dining_room4
}
        ----------------- 

    Target: 
        [

Pet{
   firstName= Jim,
   birthdate= 1932-07-09,
   currentRoom= dining_room4
}]
        ----------------- 


 
 EVENT: 
 

    Description: 
        Pet Katniss is big sad because pet feeder is empty
        ----------------- 

    Source: 
        

Pet{
   firstName= Katniss,
   birthdate= 1970-11-11,
   currentRoom= dining_room4
}
        ----------------- 

    Target: 
        [device called dining_room4_PET_FEEDER with an id 22 in room: dining_room4]
        ----------------- 


 
 EVENT: 
 

    Description: 
        Pet Katniss is playing in DINING_ROOM
        ----------------- 

    Source: 
        

Pet{
   firstName= Katniss,
   birthdate= 1970-11-11,
   currentRoom= dining_room4
}
        ----------------- 

    Target: 
        [

Pet{
   firstName= Katniss,
   birthdate= 1970-11-11,
   currentRoom= dining_room4
}]
        ----------------- 


 
 EVENT: 
 

    Description: 
        Walter is waiting. No equipment available
        ----------------- 

    Source: 
        Person born 1989-08-16, named Walter
        ----------------- 

    Target: 
        [Person born 1989-08-16, named Walter]
        ----------------- 


 
 EVENT: 
 

    Description: 
        balcony3_DISHWASHER has finished washing the dishes.
        ----------------- 

    Source: 
        device called balcony3_DISHWASHER with an id 18 in room: balcony3
        ----------------- 

    Target: 
        [device called balcony3_DISHWASHER with an id 18 in room: balcony3]
        ----------------- 


 
 EVENT: 
 

    Description: 
        garage0_WASHING_MACHINE has finished washing the clothes.
        ----------------- 

    Source: 
        device called garage0_WASHING_MACHINE with an id 7 in room: garage0
        ----------------- 

    Target: 
        [device called garage0_WASHING_MACHINE with an id 7 in room: garage0]
        ----------------- 

